# JRE version: Java(TM) SE Runtime Environment (8.0_181-b13) (build 1.8.0_181-b13)
# Java VM: Java HotSpot(TM) 64-Bit Server VM (25.181-b13 mixed mode linux-amd64 compressed oops)
Heap:
 PSYoungGen      total 338944K, used 7481K [0x00000000d7b80000, 0x00000000eda80000, 0x0000000100000000)
  eden space 318464K, 2% used [0x00000000d7b80000,0x00000000d82ce698,0x00000000eb280000)
  from space 20480K, 0% used [0x00000000ec680000,0x00000000ec680000,0x00000000eda80000)
  to   space 20480K, 0% used [0x00000000eb280000,0x00000000eb280000,0x00000000ec680000)
 ParOldGen       total 88064K, used 30716K [0x0000000087200000, 0x000000008c800000, 0x00000000d7b80000)
  object space 88064K, 34% used [0x0000000087200000,0x0000000088fff018,0x000000008c800000)
 Metaspace       used 46561K, capacity 49184K, committed 49280K, reserved 1091584K
  class space    used 5985K, capacity 6435K, committed 6528K, reserved 1048576K
GC Heap History (10 events):
Event: 50.139 GC heap before
{Heap before GC invocations=10 (full 2):
 PSYoungGen      total 210944K, used 190976K [0x00000000d7b80000, 0x00000000ee900000, 0x0000000100000000)
  eden space 190976K, 100% used [0x00000000d7b80000,0x00000000e3600000,0x00000000e3600000)
  from space 19968K, 0% used [0x00000000e3600000,0x00000000e3600000,0x00000000e4980000)
  to   space 20992K, 0% used [0x00000000ed480000,0x00000000ed480000,0x00000000ee900000)
 ParOldGen       total 88064K, used 22786K [0x0000000087200000, 0x000000008c800000, 0x00000000d7b80000)
  object space 88064K, 25% used [0x0000000087200000,0x0000000088840ba0,0x000000008c800000)
 Metaspace       used 44234K, capacity 46596K, committed 46720K, reserved 1089536K
  class space    used 5760K, capacity 6180K, committed 6272K, reserved 1048576K
Event: 50.159 GC heap after
Heap after GC invocations=10 (full 2):
 PSYoungGen      total 331776K, used 13212K [0x00000000d7b80000, 0x00000000ee180000, 0x0000000100000000)
  eden space 318464K, 0% used [0x00000000d7b80000,0x00000000d7b80000,0x00000000eb280000)
  from space 13312K, 99% used [0x00000000ed480000,0x00000000ee1671b0,0x00000000ee180000)
  to   space 20992K, 0% used [0x00000000eb880000,0x00000000eb880000,0x00000000ecd00000)
 ParOldGen       total 88064K, used 22794K [0x0000000087200000, 0x000000008c800000, 0x00000000d7b80000)
  object space 88064K, 25% used [0x0000000087200000,0x0000000088842ba0,0x000000008c800000)
 Metaspace       used 44234K, capacity 46596K, committed 46720K, reserved 1089536K
  class space    used 5760K, capacity 6180K, committed 6272K, reserved 1048576K
}
Event: 975.525 GC heap before
{Heap before GC invocations=11 (full 2):
 PSYoungGen      total 331776K, used 269456K [0x00000000d7b80000, 0x00000000ee180000, 0x0000000100000000)
  eden space 318464K, 80% used [0x00000000d7b80000,0x00000000e75bd028,0x00000000eb280000)
  from space 13312K, 99% used [0x00000000ed480000,0x00000000ee1671b0,0x00000000ee180000)
  to   space 20992K, 0% used [0x00000000eb880000,0x00000000eb880000,0x00000000ecd00000)
 ParOldGen       total 88064K, used 22794K [0x0000000087200000, 0x000000008c800000, 0x00000000d7b80000)
  object space 88064K, 25% used [0x0000000087200000,0x0000000088842ba0,0x000000008c800000)
 Metaspace       used 45846K, capacity 48340K, committed 48384K, reserved 1091584K
  class space    used 5958K, capacity 6391K, committed 6400K, reserved 1048576K
Event: 975.549 GC heap after
Heap after GC invocations=11 (full 2):
 PSYoungGen      total 326144K, used 7655K [0x00000000d7b80000, 0x00000000eda80000, 0x0000000100000000)
  eden space 318464K, 0% used [0x00000000d7b80000,0x00000000d7b80000,0x00000000eb280000)
  from space 7680K, 99% used [0x00000000eb880000,0x00000000ebff9d10,0x00000000ec000000)
  to   space 20480K, 0% used [0x00000000ec680000,0x00000000ec680000,0x00000000eda80000)
 ParOldGen       total 88064K, used 22802K [0x0000000087200000, 0x000000008c800000, 0x00000000d7b80000)
  object space 88064K, 25% used [0x0000000087200000,0x0000000088844ba0,0x000000008c800000)
 Metaspace       used 45846K, capacity 48340K, committed 48384K, reserved 1091584K
  class space    used 5958K, capacity 6391K, committed 6400K, reserved 1048576K
}
Event: 975.549 GC heap before
{Heap before GC invocations=12 (full 3):
 PSYoungGen      total 326144K, used 7655K [0x00000000d7b80000, 0x00000000eda80000, 0x0000000100000000)
  eden space 318464K, 0% used [0x00000000d7b80000,0x00000000d7b80000,0x00000000eb280000)
  from space 7680K, 99% used [0x00000000eb880000,0x00000000ebff9d10,0x00000000ec000000)
  to   space 20480K, 0% used [0x00000000ec680000,0x00000000ec680000,0x00000000eda80000)
 ParOldGen       total 88064K, used 22802K [0x0000000087200000, 0x000000008c800000, 0x00000000d7b80000)
  object space 88064K, 25% used [0x0000000087200000,0x0000000088844ba0,0x000000008c800000)
 Metaspace       used 45846K, capacity 48340K, committed 48384K, reserved 1091584K
  class space    used 5958K, capacity 6391K, committed 6400K, reserved 1048576K
Event: 975.761 GC heap after
Heap after GC invocations=12 (full 3):
 PSYoungGen      total 326144K, used 0K [0x00000000d7b80000, 0x00000000eda80000, 0x0000000100000000)
  eden space 318464K, 0% used [0x00000000d7b80000,0x00000000d7b80000,0x00000000eb280000)
  from space 7680K, 0% used [0x00000000eb880000,0x00000000eb880000,0x00000000ec000000)
  to   space 20480K, 0% used [0x00000000ec680000,0x00000000ec680000,0x00000000eda80000)
 ParOldGen       total 88064K, used 26934K [0x0000000087200000, 0x000000008c800000, 0x00000000d7b80000)
  object space 88064K, 30% used [0x0000000087200000,0x0000000088c4d9e8,0x000000008c800000)
 Metaspace       used 45846K, capacity 48340K, committed 48384K, reserved 1091584K
  class space    used 5958K, capacity 6391K, committed 6400K, reserved 1048576K
}
Event: 1051.951 GC heap before
{Heap before GC invocations=13 (full 3):
 PSYoungGen      total 326144K, used 203599K [0x00000000d7b80000, 0x00000000eda80000, 0x0000000100000000)
  eden space 318464K, 63% used [0x00000000d7b80000,0x00000000e4253e60,0x00000000eb280000)
  from space 7680K, 0% used [0x00000000eb880000,0x00000000eb880000,0x00000000ec000000)
  to   space 20480K, 0% used [0x00000000ec680000,0x00000000ec680000,0x00000000eda80000)
 ParOldGen       total 88064K, used 26934K [0x0000000087200000, 0x000000008c800000, 0x00000000d7b80000)
  object space 88064K, 30% used [0x0000000087200000,0x0000000088c4d9e8,0x000000008c800000)
 Metaspace       used 46558K, capacity 49184K, committed 49280K, reserved 1091584K
  class space    used 5985K, capacity 6435K, committed 6528K, reserved 1048576K
Event: 1051.974 GC heap after
Heap after GC invocations=13 (full 3):
 PSYoungGen      total 338944K, used 4989K [0x00000000d7b80000, 0x00000000eda80000, 0x0000000100000000)
  eden space 318464K, 0% used [0x00000000d7b80000,0x00000000d7b80000,0x00000000eb280000)
  from space 20480K, 24% used [0x00000000ec680000,0x00000000ecb5f590,0x00000000eda80000)
  to   space 20480K, 0% used [0x00000000eb280000,0x00000000eb280000,0x00000000ec680000)
 ParOldGen       total 88064K, used 26942K [0x0000000087200000, 0x000000008c800000, 0x00000000d7b80000)
  object space 88064K, 30% used [0x0000000087200000,0x0000000088c4f9e8,0x000000008c800000)
 Metaspace       used 46558K, capacity 49184K, committed 49280K, reserved 1091584K
  class space    used 5985K, capacity 6435K, committed 6528K, reserved 1048576K
}
Event: 1051.974 GC heap before
{Heap before GC invocations=14 (full 4):
 PSYoungGen      total 338944K, used 4989K [0x00000000d7b80000, 0x00000000eda80000, 0x0000000100000000)
  eden space 318464K, 0% used [0x00000000d7b80000,0x00000000d7b80000,0x00000000eb280000)
  from space 20480K, 24% used [0x00000000ec680000,0x00000000ecb5f590,0x00000000eda80000)
  to   space 20480K, 0% used [0x00000000eb280000,0x00000000eb280000,0x00000000ec680000)
 ParOldGen       total 88064K, used 26942K [0x0000000087200000, 0x000000008c800000, 0x00000000d7b80000)
  object space 88064K, 30% used [0x0000000087200000,0x0000000088c4f9e8,0x000000008c800000)
 Metaspace       used 46558K, capacity 49184K, committed 49280K, reserved 1091584K
  class space    used 5985K, capacity 6435K, committed 6528K, reserved 1048576K
Event: 1052.611 GC heap after
Heap after GC invocations=14 (full 4):
 PSYoungGen      total 338944K, used 0K [0x00000000d7b80000, 0x00000000eda80000, 0x0000000100000000)
  eden space 318464K, 0% used [0x00000000d7b80000,0x00000000d7b80000,0x00000000eb280000)
  from space 20480K, 0% used [0x00000000ec680000,0x00000000ec680000,0x00000000eda80000)
  to   space 20480K, 0% used [0x00000000eb280000,0x00000000eb280000,0x00000000ec680000)
 ParOldGen       total 88064K, used 30716K [0x0000000087200000, 0x000000008c800000, 0x00000000d7b80000)
  object space 88064K, 34% used [0x0000000087200000,0x0000000088fff018,0x000000008c800000)
 Metaspace       used 46558K, capacity 49184K, committed 49280K, reserved 1091584K
  class space    used 5985K, capacity 6435K, committed 6528K, reserved 1048576K
}

